<?xml version="1.0" encoding="UTF-8"?>
<coverage generated="1729164413999" clover="3.2.0">
  <project timestamp="1729164414000" name="All files">
    <metrics statements="14" coveredstatements="14" conditionals="22" coveredconditionals="22" methods="1" coveredmethods="1" elements="37" coveredelements="37" complexity="0" loc="14" ncloc="14" packages="1" files="1" classes="1"/>
    <file name="albumsCost.js" path="/Users/lorenacriadomanzaneque/Desktop/Cursos/Curso Desarrollo Web/Módulo 2/Ejercicios/prueba-técnica-tdd/albumsCost.js">
      <metrics statements="14" coveredstatements="14" conditionals="22" coveredconditionals="22" methods="1" coveredmethods="1"/>
      <line num="2" count="21" type="stmt"/>
      <line num="5" count="21" type="cond" truecount="4" falsecount="0"/>
      <line num="6" count="4" type="stmt"/>
      <line num="9" count="17" type="cond" truecount="2" falsecount="0"/>
      <line num="10" count="17" type="cond" truecount="2" falsecount="0"/>
      <line num="12" count="17" type="cond" truecount="2" falsecount="0"/>
      <line num="13" count="10" type="stmt"/>
      <line num="14" count="7" type="cond" truecount="2" falsecount="0"/>
      <line num="15" count="6" type="stmt"/>
      <line num="18" count="17" type="cond" truecount="4" falsecount="0"/>
      <line num="19" count="17" type="cond" truecount="4" falsecount="0"/>
      <line num="20" count="17" type="cond" truecount="2" falsecount="0"/>
      <line num="22" count="15" type="stmt"/>
      <line num="27" count="1" type="stmt"/>
    </file>
  </project>
</coverage>
