{"/Users/lorenacriadomanzaneque/Desktop/Cursos/Curso Desarrollo Web/Módulo 2/Ejercicios/prueba-técnica-tdd/albumsCost.js": {"path":"/Users/lorenacriadomanzaneque/Desktop/Cursos/Curso Desarrollo Web/Módulo 2/Ejercicios/prueba-técnica-tdd/albumsCost.js","statementMap":{"0":{"start":{"line":2,"column":25},"end":{"line":2,"column":37}},"1":{"start":{"line":5,"column":4},"end":{"line":7,"column":5}},"2":{"start":{"line":6,"column":8},"end":{"line":6,"column":25}},"3":{"start":{"line":9,"column":22},"end":{"line":9,"column":50}},"4":{"start":{"line":10,"column":34},"end":{"line":10,"column":63}},"5":{"start":{"line":12,"column":4},"end":{"line":16,"column":5}},"6":{"start":{"line":13,"column":8},"end":{"line":13,"column":42}},"7":{"start":{"line":14,"column":11},"end":{"line":16,"column":5}},"8":{"start":{"line":15,"column":8},"end":{"line":15,"column":87}},"9":{"start":{"line":18,"column":4},"end":{"line":18,"column":58}},"10":{"start":{"line":18,"column":40},"end":{"line":18,"column":58}},"11":{"start":{"line":19,"column":4},"end":{"line":19,"column":62}},"12":{"start":{"line":19,"column":43},"end":{"line":19,"column":62}},"13":{"start":{"line":20,"column":4},"end":{"line":20,"column":37}},"14":{"start":{"line":20,"column":24},"end":{"line":20,"column":37}},"15":{"start":{"line":22,"column":4},"end":{"line":22,"column":22}},"16":{"start":{"line":27,"column":0},"end":{"line":29,"column":1}}},"fnMap":{"0":{"name":"calcularPrecio","decl":{"start":{"line":1,"column":9},"end":{"line":1,"column":23}},"loc":{"start":{"line":1,"column":55},"end":{"line":24,"column":1}},"line":1}},"branchMap":{"0":{"loc":{"start":{"line":5,"column":4},"end":{"line":7,"column":5}},"type":"if","locations":[{"start":{"line":5,"column":4},"end":{"line":7,"column":5}},{"start":{},"end":{}}],"line":5},"1":{"loc":{"start":{"line":5,"column":8},"end":{"line":5,"column":42}},"type":"binary-expr","locations":[{"start":{"line":5,"column":8},"end":{"line":5,"column":25}},{"start":{"line":5,"column":29},"end":{"line":5,"column":42}}],"line":5},"2":{"loc":{"start":{"line":9,"column":22},"end":{"line":9,"column":50}},"type":"cond-expr","locations":[{"start":{"line":9,"column":43},"end":{"line":9,"column":45}},{"start":{"line":9,"column":48},"end":{"line":9,"column":50}}],"line":9},"3":{"loc":{"start":{"line":10,"column":34},"end":{"line":10,"column":63}},"type":"cond-expr","locations":[{"start":{"line":10,"column":55},"end":{"line":10,"column":59}},{"start":{"line":10,"column":62},"end":{"line":10,"column":63}}],"line":10},"4":{"loc":{"start":{"line":12,"column":4},"end":{"line":16,"column":5}},"type":"if","locations":[{"start":{"line":12,"column":4},"end":{"line":16,"column":5}},{"start":{"line":14,"column":11},"end":{"line":16,"column":5}}],"line":12},"5":{"loc":{"start":{"line":14,"column":11},"end":{"line":16,"column":5}},"type":"if","locations":[{"start":{"line":14,"column":11},"end":{"line":16,"column":5}},{"start":{},"end":{}}],"line":14},"6":{"loc":{"start":{"line":18,"column":4},"end":{"line":18,"column":58}},"type":"if","locations":[{"start":{"line":18,"column":4},"end":{"line":18,"column":58}},{"start":{},"end":{}}],"line":18},"7":{"loc":{"start":{"line":18,"column":8},"end":{"line":18,"column":38}},"type":"binary-expr","locations":[{"start":{"line":18,"column":8},"end":{"line":18,"column":21}},{"start":{"line":18,"column":25},"end":{"line":18,"column":38}}],"line":18},"8":{"loc":{"start":{"line":19,"column":4},"end":{"line":19,"column":62}},"type":"if","locations":[{"start":{"line":19,"column":4},"end":{"line":19,"column":62}},{"start":{},"end":{}}],"line":19},"9":{"loc":{"start":{"line":19,"column":8},"end":{"line":19,"column":41}},"type":"binary-expr","locations":[{"start":{"line":19,"column":8},"end":{"line":19,"column":22}},{"start":{"line":19,"column":26},"end":{"line":19,"column":41}}],"line":19},"10":{"loc":{"start":{"line":20,"column":4},"end":{"line":20,"column":37}},"type":"if","locations":[{"start":{"line":20,"column":4},"end":{"line":20,"column":37}},{"start":{},"end":{}}],"line":20}},"s":{"0":21,"1":21,"2":4,"3":17,"4":17,"5":17,"6":10,"7":7,"8":6,"9":17,"10":2,"11":17,"12":4,"13":17,"14":2,"15":15,"16":1},"f":{"0":21},"b":{"0":[4,17],"1":[21,19],"2":[8,9],"3":[8,9],"4":[10,7],"5":[6,1],"6":[2,15],"7":[17,8],"8":[4,13],"9":[17,6],"10":[2,15]},"_coverageSchema":"1a1c01bbd47fc00a2c39e90264f33305004495a9","hash":"2326e8d64499fda424ec344ef2968a85c59eab9f"}
}
