{"/Users/lorenacriadomanzaneque/Desktop/Cursos/Curso Desarrollo Web/Módulo 2/Ejercicios/prueba-técnica-tdd/albumsCost.js": {"path":"/Users/lorenacriadomanzaneque/Desktop/Cursos/Curso Desarrollo Web/Módulo 2/Ejercicios/prueba-técnica-tdd/albumsCost.js","statementMap":{"0":{"start":{"line":14,"column":22},"end":{"line":14,"column":50}},"1":{"start":{"line":15,"column":34},"end":{"line":15,"column":63}},"2":{"start":{"line":16,"column":31},"end":{"line":16,"column":49}},"3":{"start":{"line":19,"column":4},"end":{"line":19,"column":79}},"4":{"start":{"line":19,"column":62},"end":{"line":19,"column":79}},"5":{"start":{"line":21,"column":4},"end":{"line":22,"column":112}},"6":{"start":{"line":21,"column":24},"end":{"line":21,"column":58}},"7":{"start":{"line":22,"column":9},"end":{"line":22,"column":112}},"8":{"start":{"line":22,"column":27},"end":{"line":22,"column":112}},"9":{"start":{"line":24,"column":4},"end":{"line":25,"column":46}},"10":{"start":{"line":24,"column":24},"end":{"line":24,"column":43}},"11":{"start":{"line":25,"column":9},"end":{"line":25,"column":46}},"12":{"start":{"line":25,"column":28},"end":{"line":25,"column":46}},"13":{"start":{"line":27,"column":4},"end":{"line":27,"column":22}},"14":{"start":{"line":32,"column":0},"end":{"line":34,"column":1}}},"fnMap":{"0":{"name":"calcularPrecio","decl":{"start":{"line":13,"column":9},"end":{"line":13,"column":23}},"loc":{"start":{"line":13,"column":55},"end":{"line":29,"column":1}},"line":13}},"branchMap":{"0":{"loc":{"start":{"line":14,"column":22},"end":{"line":14,"column":50}},"type":"cond-expr","locations":[{"start":{"line":14,"column":43},"end":{"line":14,"column":45}},{"start":{"line":14,"column":48},"end":{"line":14,"column":50}}],"line":14},"1":{"loc":{"start":{"line":15,"column":34},"end":{"line":15,"column":63}},"type":"cond-expr","locations":[{"start":{"line":15,"column":55},"end":{"line":15,"column":59}},{"start":{"line":15,"column":62},"end":{"line":15,"column":63}}],"line":15},"2":{"loc":{"start":{"line":19,"column":4},"end":{"line":19,"column":79}},"type":"if","locations":[{"start":{"line":19,"column":4},"end":{"line":19,"column":79}},{"start":{},"end":{}}],"line":19},"3":{"loc":{"start":{"line":19,"column":8},"end":{"line":19,"column":60}},"type":"binary-expr","locations":[{"start":{"line":19,"column":8},"end":{"line":19,"column":25}},{"start":{"line":19,"column":29},"end":{"line":19,"column":42}},{"start":{"line":19,"column":46},"end":{"line":19,"column":60}}],"line":19},"4":{"loc":{"start":{"line":21,"column":4},"end":{"line":22,"column":112}},"type":"if","locations":[{"start":{"line":21,"column":4},"end":{"line":22,"column":112}},{"start":{"line":22,"column":9},"end":{"line":22,"column":112}}],"line":21},"5":{"loc":{"start":{"line":22,"column":9},"end":{"line":22,"column":112}},"type":"if","locations":[{"start":{"line":22,"column":9},"end":{"line":22,"column":112}},{"start":{},"end":{}}],"line":22},"6":{"loc":{"start":{"line":24,"column":4},"end":{"line":25,"column":46}},"type":"if","locations":[{"start":{"line":24,"column":4},"end":{"line":25,"column":46}},{"start":{"line":25,"column":9},"end":{"line":25,"column":46}}],"line":24},"7":{"loc":{"start":{"line":25,"column":9},"end":{"line":25,"column":46}},"type":"if","locations":[{"start":{"line":25,"column":9},"end":{"line":25,"column":46}},{"start":{},"end":{}}],"line":25}},"s":{"0":21,"1":21,"2":21,"3":21,"4":6,"5":15,"6":8,"7":7,"8":6,"9":15,"10":4,"11":11,"12":2,"13":15,"14":1},"f":{"0":21},"b":{"0":[10,11],"1":[10,11],"2":[6,15],"3":[21,19,17],"4":[8,7],"5":[6,1],"6":[4,11],"7":[2,9]},"_coverageSchema":"1a1c01bbd47fc00a2c39e90264f33305004495a9","hash":"54ca89304759cd6394c345a65c31595a51a77ff7"}
}
