TN:
SF:albumsCost.js
FN:1,calcularPrecio
FNF:1
FNH:1
FNDA:21,calcularPrecio
DA:2,21
DA:5,21
DA:6,4
DA:9,17
DA:10,17
DA:12,17
DA:13,10
DA:14,7
DA:15,6
DA:18,17
DA:19,17
DA:20,17
DA:22,15
DA:27,1
LF:14
LH:14
BRDA:5,0,0,4
BRDA:5,0,1,17
BRDA:5,1,0,21
BRDA:5,1,1,19
BRDA:9,2,0,8
BRDA:9,2,1,9
BRDA:10,3,0,8
BRDA:10,3,1,9
BRDA:12,4,0,10
BRDA:12,4,1,7
BRDA:14,5,0,6
BRDA:14,5,1,1
BRDA:18,6,0,2
BRDA:18,6,1,15
BRDA:18,7,0,17
BRDA:18,7,1,8
BRDA:19,8,0,4
BRDA:19,8,1,13
BRDA:19,9,0,17
BRDA:19,9,1,6
BRDA:20,10,0,2
BRDA:20,10,1,15
BRF:22
BRH:22
end_of_record
