TN:
SF:albumsCost.js
FN:1,calcularPrecio
FNF:1
FNH:1
FNDA:21,calcularPrecio
DA:2,21
DA:5,21
DA:6,6
DA:9,15
DA:10,15
DA:12,15
DA:13,8
DA:14,7
DA:15,6
DA:17,1
DA:20,15
DA:21,15
DA:23,15
DA:28,1
LF:14
LH:14
BRDA:5,0,0,6
BRDA:5,0,1,15
BRDA:5,1,0,21
BRDA:5,1,1,19
BRDA:5,1,2,17
BRDA:9,2,0,7
BRDA:9,2,1,8
BRDA:10,3,0,7
BRDA:10,3,1,8
BRDA:12,4,0,8
BRDA:12,4,1,7
BRDA:14,5,0,6
BRDA:14,5,1,1
BRDA:20,6,0,2
BRDA:20,6,1,13
BRDA:20,7,0,15
BRDA:20,7,1,6
BRDA:21,8,0,4
BRDA:21,8,1,11
BRDA:21,9,0,15
BRDA:21,9,1,4
BRF:21
BRH:21
end_of_record
